2019-11-13 11:49:15,005  INFO [main] LogReports:22 - Browser opened
2019-11-13 11:49:15,083  INFO [main] LogReports:22 - Match found
2019-11-13 11:49:15,249  INFO [main] LogReports:22 - Clicked on the serach
2019-11-13 11:50:42,267  INFO [main] LogReports:22 - Browser opened
2019-11-13 11:50:42,396  INFO [main] LogReports:22 - Match found
2019-11-13 11:50:42,568  INFO [main] LogReports:22 - Clicked on the serach
2019-11-13 11:50:50,865  INFO [main] LogReports:22 - Availability:In stock
2019-11-13 11:50:51,311  INFO [main] LogReports:22 - Product price
2019-11-13 11:50:51,398  INFO [main] LogReports:22 - Ex Tax
2019-11-13 11:50:51,471  INFO [main] LogReports:22 - Description
2019-11-13 11:51:42,446  INFO [main] LogReports:22 - Browser opened
2019-11-13 11:51:42,575  INFO [main] LogReports:22 - Match found
2019-11-13 11:51:42,740  INFO [main] LogReports:22 - Clicked on the serach
2019-11-13 11:51:51,339  INFO [main] LogReports:22 - Availability:In stock
2019-11-13 11:51:51,424  INFO [main] LogReports:22 - Product price
2019-11-13 11:51:51,485  INFO [main] LogReports:22 - Ex Tax
2019-11-13 11:51:51,540  INFO [main] LogReports:22 - Description
2019-11-13 11:51:54,864  INFO [main] LogReports:22 - Availability:In stock
2019-11-13 11:51:54,920  INFO [main] LogReports:22 - Product price
2019-11-13 11:51:54,999  INFO [main] LogReports:22 - Ex Tax
2019-11-13 11:51:55,062  INFO [main] LogReports:22 - Description
2019-11-13 11:51:56,496  INFO [main] LogReports:22 - Product1
2019-11-13 11:51:56,548  INFO [main] LogReports:22 - Product2
2019-11-13 11:51:56,603  INFO [main] LogReports:22 - Grand total after adding products
2019-11-13 11:51:57,549  INFO [main] LogReports:22 - Grand total after removal of one product
2019-11-13 11:52:31,618  INFO [main] LogReports:22 - Browser opened
2019-11-13 11:52:31,708  INFO [main] LogReports:22 - Match found
2019-11-13 11:52:31,851  INFO [main] LogReports:22 - Clicked on the serach
2019-11-13 11:52:40,898  INFO [main] LogReports:22 - Availability:In stock
2019-11-13 11:52:40,988  INFO [main] LogReports:22 - Product price
2019-11-13 11:52:41,053  INFO [main] LogReports:22 - Ex Tax
2019-11-13 11:52:41,111  INFO [main] LogReports:22 - Description
2019-11-13 11:52:46,727  INFO [main] LogReports:22 - Availability:In stock
2019-11-13 11:52:46,782  INFO [main] LogReports:22 - Product price
2019-11-13 11:52:46,837  INFO [main] LogReports:22 - Ex Tax
2019-11-13 11:52:46,896  INFO [main] LogReports:22 - Description
2019-11-13 11:52:48,496  INFO [main] LogReports:22 - Product1
2019-11-13 11:52:48,548  INFO [main] LogReports:22 - Product2
2019-11-13 11:52:48,610  INFO [main] LogReports:22 - Grand total after adding products
2019-11-13 11:52:49,592  INFO [main] LogReports:22 - Grand total after removal of one product
2019-11-13 12:57:30,589  INFO [main] LogReports:22 - Browser opened
2019-11-13 12:57:30,673  INFO [main] LogReports:22 - Match found
2019-11-13 12:57:30,802  INFO [main] LogReports:22 - Clicked on the serach
2019-11-13 12:57:44,018  INFO [main] LogReports:22 - Availability:In stock
2019-11-13 12:57:44,077  INFO [main] LogReports:22 - Product price
2019-11-13 12:57:44,137  INFO [main] LogReports:22 - Ex Tax
2019-11-13 12:57:44,195  INFO [main] LogReports:22 - Description
2019-11-13 12:57:47,707  INFO [main] LogReports:22 - Availability:In stock
2019-11-13 12:57:47,763  INFO [main] LogReports:22 - Product price
2019-11-13 12:57:47,815  INFO [main] LogReports:22 - Ex Tax
2019-11-13 12:57:47,866  INFO [main] LogReports:22 - Description
2019-11-13 12:57:49,464  INFO [main] LogReports:22 - Product1
2019-11-13 12:59:01,134  INFO [main] LogReports:22 - Browser opened
2019-11-13 12:59:01,234  INFO [main] LogReports:22 - Match found
2019-11-13 12:59:01,430  INFO [main] LogReports:22 - Clicked on the serach
2019-11-13 12:59:13,141  INFO [main] LogReports:22 - Availability:In stock
2019-11-13 12:59:13,192  INFO [main] LogReports:22 - Product price
2019-11-13 12:59:13,243  INFO [main] LogReports:22 - Ex Tax
2019-11-13 12:59:13,306  INFO [main] LogReports:22 - Description
2019-11-13 12:59:29,095  INFO [main] LogReports:22 - Availability:In stock
2019-11-13 12:59:29,141  INFO [main] LogReports:22 - Product price
2019-11-13 12:59:29,182  INFO [main] LogReports:22 - Ex Tax
2019-11-13 12:59:29,224  INFO [main] LogReports:22 - Description
2019-11-13 13:42:54,147  INFO [main] LogReports:22 - Browser opened
2019-11-13 13:42:54,261  INFO [main] LogReports:22 - Match found
2019-11-13 13:42:54,470  INFO [main] LogReports:22 - Clicked on the serach
2019-11-13 13:43:08,973  INFO [main] LogReports:22 - Availability:In stock
2019-11-13 13:43:09,030  INFO [main] LogReports:22 - Product price
2019-11-13 13:43:09,082  INFO [main] LogReports:22 - Ex Tax
2019-11-13 13:43:09,134  INFO [main] LogReports:22 - Description
2019-11-13 13:43:13,340  INFO [main] LogReports:22 - Availability:In stock
2019-11-13 13:43:13,391  INFO [main] LogReports:22 - Product price
2019-11-13 13:43:13,444  INFO [main] LogReports:22 - Ex Tax
2019-11-13 13:43:13,498  INFO [main] LogReports:22 - Description
2019-11-13 13:43:14,891  INFO [main] LogReports:22 - Product1
2019-11-13 13:43:14,944  INFO [main] LogReports:22 - Product2
2019-11-13 13:43:15,002  INFO [main] LogReports:22 - Grand total after adding products
2019-11-13 13:43:16,012  INFO [main] LogReports:22 - Grand total after removal of one product
2019-11-13 13:44:23,691  INFO [main] LogReports:22 - Browser opened
2019-11-13 13:44:23,859  INFO [main] LogReports:22 - Match found
2019-11-13 13:44:24,073  INFO [main] LogReports:22 - Clicked on the serach
2019-11-13 13:44:29,823  INFO [main] LogReports:22 - Availability:In stock
2019-11-13 13:44:29,877  INFO [main] LogReports:22 - Product price
2019-11-13 13:44:29,942  INFO [main] LogReports:22 - Ex Tax
2019-11-13 13:44:29,998  INFO [main] LogReports:22 - Description
2019-11-13 13:44:33,408  INFO [main] LogReports:22 - Availability:In stock
2019-11-13 13:44:33,457  INFO [main] LogReports:22 - Product price
2019-11-13 13:44:33,508  INFO [main] LogReports:22 - Ex Tax
2019-11-13 13:44:33,562  INFO [main] LogReports:22 - Description
2019-11-13 13:44:34,957  INFO [main] LogReports:22 - Product1
2019-11-13 13:44:35,007  INFO [main] LogReports:22 - Product2
2019-11-13 13:44:35,059  INFO [main] LogReports:22 - Grand total after adding products
2019-11-13 13:44:36,026  INFO [main] LogReports:22 - Grand total after removal of one product
2019-11-13 17:42:10,316  INFO [main] LogReports:22 - Browser opened
2019-11-13 17:42:10,612  INFO [main] LogReports:22 - Match found
2019-11-13 17:42:10,818  INFO [main] LogReports:22 - Clicked on the serach
2019-11-13 17:42:23,388  INFO [main] LogReports:22 - Availability:In stock
2019-11-13 17:42:23,448  INFO [main] LogReports:22 - Product price
2019-11-13 17:42:23,537  INFO [main] LogReports:22 - Ex Tax
2019-11-13 17:42:23,596  INFO [main] LogReports:22 - Description
2019-11-13 17:54:31,469  INFO [main] LogReports:22 - Browser opened
2019-11-13 17:54:31,542  INFO [main] LogReports:22 - Match found
2019-11-13 17:54:31,669  INFO [main] LogReports:22 - Clicked on the serach
2019-11-13 17:54:38,406  INFO [main] LogReports:22 - Availability:In stock
2019-11-13 17:54:38,465  INFO [main] LogReports:22 - Product price
2019-11-13 17:54:38,518  INFO [main] LogReports:22 - Ex Tax
2019-11-13 17:54:38,575  INFO [main] LogReports:22 - Description
2019-11-13 17:54:41,923  INFO [main] LogReports:22 - Availability:In stock
2019-11-13 17:54:41,975  INFO [main] LogReports:22 - Product price
2019-11-13 17:54:42,023  INFO [main] LogReports:22 - Ex Tax
2019-11-13 17:54:42,075  INFO [main] LogReports:22 - Description
2019-11-13 17:54:48,713  INFO [main] LogReports:22 - Product1
2019-11-13 17:54:48,764  INFO [main] LogReports:22 - Product2
2019-11-13 17:54:48,832  INFO [main] LogReports:22 - Grand total after adding products
2019-11-13 17:54:50,712  INFO [main] LogReports:22 - Grand total after removal of one product
2019-11-13 17:57:49,496  INFO [main] LogReports:22 - Browser opened
2019-11-13 17:57:49,923  INFO [main] LogReports:22 - Match found
2019-11-13 17:57:50,692  INFO [main] LogReports:22 - Clicked on the serach
2019-11-13 17:57:58,538  INFO [main] LogReports:22 - Availability:In stock
2019-11-13 17:57:58,771  INFO [main] LogReports:22 - Product price
2019-11-13 17:57:58,965  INFO [main] LogReports:22 - Ex Tax
2019-11-13 17:57:59,143  INFO [main] LogReports:22 - Description
2019-11-13 17:58:11,208  INFO [main] LogReports:22 - Availability:In stock
2019-11-13 17:58:11,391  INFO [main] LogReports:22 - Product price
2019-11-13 17:58:11,583  INFO [main] LogReports:22 - Ex Tax
2019-11-13 17:58:11,780  INFO [main] LogReports:22 - Description
2019-11-13 18:32:22,644  INFO [main] LogReports:22 - Browser opened
2019-11-13 18:32:22,850  INFO [main] LogReports:22 - Match found
2019-11-13 18:32:23,310  INFO [main] LogReports:22 - Clicked on the serach
2019-11-13 18:32:30,060  INFO [main] LogReports:22 - Availability:In stock
2019-11-13 18:32:30,241  INFO [main] LogReports:22 - Product price
2019-11-13 18:32:30,419  INFO [main] LogReports:22 - Ex Tax
2019-11-13 18:32:30,592  INFO [main] LogReports:22 - Description
2019-11-13 18:32:36,145  INFO [main] LogReports:22 - Availability:In stock
2019-11-13 18:32:36,327  INFO [main] LogReports:22 - Product price
2019-11-13 18:32:36,503  INFO [main] LogReports:22 - Ex Tax
2019-11-13 18:32:36,691  INFO [main] LogReports:22 - Description
2019-11-13 18:36:21,569  INFO [main] LogReports:22 - Browser opened
2019-11-13 18:36:21,759  INFO [main] LogReports:22 - Match found
2019-11-13 18:36:22,239  INFO [main] LogReports:22 - Clicked on the serach
2019-11-13 18:36:29,792  INFO [main] LogReports:22 - Availability:In stock
2019-11-13 18:36:29,983  INFO [main] LogReports:22 - Product price
2019-11-13 18:36:30,166  INFO [main] LogReports:22 - Ex Tax
2019-11-13 18:36:30,353  INFO [main] LogReports:22 - Description
2019-11-13 18:36:36,003  INFO [main] LogReports:22 - Availability:In stock
2019-11-13 18:36:36,195  INFO [main] LogReports:22 - Product price
2019-11-13 18:36:36,371  INFO [main] LogReports:22 - Ex Tax
2019-11-13 18:36:36,550  INFO [main] LogReports:22 - Description
2019-11-13 18:49:24,819  INFO [main] LogReports:22 - Browser opened
2019-11-13 18:49:24,918  INFO [main] LogReports:22 - Match found
2019-11-13 18:49:25,054  INFO [main] LogReports:22 - Clicked on the serach
2019-11-13 18:49:31,429  INFO [main] LogReports:22 - Availability:In stock
2019-11-13 18:49:31,484  INFO [main] LogReports:22 - Product price
2019-11-13 18:49:31,545  INFO [main] LogReports:22 - Ex Tax
2019-11-13 18:49:31,601  INFO [main] LogReports:22 - Description
2019-11-13 18:49:35,355  INFO [main] LogReports:22 - Availability:In stock
2019-11-13 18:49:35,408  INFO [main] LogReports:22 - Product price
2019-11-13 18:49:35,456  INFO [main] LogReports:22 - Ex Tax
2019-11-13 18:49:35,508  INFO [main] LogReports:22 - Description
2019-11-13 18:49:40,458  INFO [main] LogReports:22 - Grand total after removal of one product
2019-11-13 19:31:34,977  INFO [main] LogReports:22 - Browser opened
2019-11-13 20:17:45,630  INFO [main] LogReports:22 - Browser opened
2019-11-13 20:17:45,647  INFO [main] LogReports:22 - Element not clicked
2019-11-13 20:17:45,649  INFO [main] LogReports:22 - Clicked on the serach
2019-11-13 20:18:27,768  INFO [main] LogReports:22 - Browser opened
2019-11-13 20:18:27,784  INFO [main] LogReports:22 - Element not clicked
2019-11-13 20:18:27,785  INFO [main] LogReports:22 - Clicked on the serach
2019-11-13 20:23:45,202  INFO [main] LogReports:22 - Browser opened
2019-11-13 20:23:45,290  INFO [main] LogReports:22 - Match found
2019-11-13 20:23:45,418  INFO [main] LogReports:22 - Clicked on the serach
2019-11-13 20:23:46,200  INFO [main] LogReports:22 - Element not clicked
2019-11-13 20:24:06,052  INFO [main] LogReports:22 - Availability:In stock
2019-11-13 20:24:06,109  INFO [main] LogReports:22 - Product price
2019-11-13 20:24:06,165  INFO [main] LogReports:22 - Ex Tax
2019-11-13 20:24:06,229  INFO [main] LogReports:22 - Description
2019-11-13 20:24:06,913  INFO [main] LogReports:22 - Element not clicked
2019-11-13 20:25:41,101  INFO [main] LogReports:22 - Browser opened
2019-11-13 20:25:41,191  INFO [main] LogReports:22 - Match found
2019-11-13 20:25:41,340  INFO [main] LogReports:22 - Clicked on the serach
2019-11-13 20:25:42,086  INFO [main] LogReports:22 - Element not clicked
2019-11-13 20:25:47,655  INFO [main] LogReports:22 - Availability:In stock
2019-11-13 20:25:47,742  INFO [main] LogReports:22 - Product price
2019-11-13 20:25:47,799  INFO [main] LogReports:22 - Ex Tax
2019-11-13 20:25:47,859  INFO [main] LogReports:22 - Description
2019-11-13 20:25:48,467  INFO [main] LogReports:22 - Element not clicked
2019-11-14 11:23:36,577  INFO [main] LogReports:22 - Browser opened
2019-11-14 11:23:58,994  INFO [main] LogReports:22 - Browser opened
2019-11-14 11:25:53,970  INFO [main] LogReports:22 - Browser opened
2019-11-14 11:26:47,850  INFO [main] LogReports:22 - Browser opened
2019-11-14 11:30:53,831  INFO [main] LogReports:22 - Browser opened
2019-11-14 11:31:41,170  INFO [main] LogReports:22 - Browser opened
2019-11-14 11:31:41,183  INFO [main] LogReports:22 - Element not clicked
2019-11-14 11:31:41,185  INFO [main] LogReports:22 - Clicked on the serach
2019-11-14 11:32:17,706  INFO [main] LogReports:22 - Browser opened
2019-11-14 11:32:17,717  INFO [main] LogReports:22 - Element not clicked
2019-11-14 11:32:17,719  INFO [main] LogReports:22 - Clicked on the serach
2019-11-14 11:33:19,896  INFO [main] LogReports:22 - Browser opened
2019-11-14 11:33:19,913  INFO [main] LogReports:22 - Element not clicked
2019-11-14 11:33:19,917  INFO [main] LogReports:22 - Clicked on the serach
2019-11-14 11:49:02,300  INFO [main] LogReports:22 - Browser opened
2019-11-14 11:49:02,317  INFO [main] LogReports:22 - Element not clicked
2019-11-14 11:49:02,320  INFO [main] LogReports:22 - Clicked on the serach
2019-11-14 11:59:30,665  INFO [main] LogReports:22 - Element not clicked
2019-11-14 11:59:30,669  INFO [main] LogReports:22 - Clicked on the serach
2019-11-14 12:11:04,292  INFO [main] LogReports:22 - Application is open...
2019-11-14 12:11:04,327  INFO [main] LogReports:22 - Browser opened
2019-11-14 12:11:24,615  INFO [main] LogReports:22 - Element not clicked
2019-11-14 12:11:24,619  INFO [main] LogReports:22 - Clicked on the serach
2019-11-14 12:11:50,856  INFO [main] LogReports:22 - Application is open...
2019-11-14 12:11:50,881  INFO [main] LogReports:22 - Browser opened
2019-11-14 12:11:50,889  INFO [main] LogReports:22 - Element not clicked
2019-11-14 12:11:50,890  INFO [main] LogReports:22 - Clicked on the serach
2019-11-14 12:17:12,192  INFO [main] LogReports:22 - Application is open...
2019-11-14 12:17:12,225  INFO [main] LogReports:22 - Browser opened
2019-11-14 12:17:12,238  INFO [main] LogReports:22 - Element not clicked
2019-11-14 12:17:12,239  INFO [main] LogReports:22 - clicked on the search field
2019-11-14 12:18:47,611  INFO [main] LogReports:22 - Application is open...
2019-11-14 12:18:47,645  INFO [main] LogReports:22 - Browser opened
2019-11-14 12:18:47,655  INFO [main] LogReports:22 - Element not clicked
2019-11-14 12:18:47,657  INFO [main] LogReports:22 - clicked on the search field
2019-11-14 12:24:53,699  INFO [main] LogReports:22 - Application is open...
2019-11-14 12:24:53,722  INFO [main] LogReports:22 - Browser opened
2019-11-14 12:24:53,756  INFO [main] LogReports:22 - Element not clicked
2019-11-14 12:24:53,758  INFO [main] LogReports:22 - clicked on the search field
2019-11-14 12:25:43,282  INFO [main] LogReports:22 - Application is open...
2019-11-14 12:25:43,316  INFO [main] LogReports:22 - Browser opened
2019-11-14 12:25:43,346  INFO [main] LogReports:22 - Element not clicked
2019-11-14 12:25:43,347  INFO [main] LogReports:22 - clicked on the search field
2019-11-14 12:29:39,513  INFO [main] LogReports:22 - Application is open...
2019-11-14 12:29:39,549  INFO [main] LogReports:22 - Browser opened
2019-11-14 12:29:39,709  INFO [main] LogReports:22 - clicked on the search field
2019-11-14 12:47:13,734  INFO [main] LogReports:22 - Application is open...
2019-11-14 12:47:13,768  INFO [main] LogReports:22 - Browser opened
2019-11-14 12:47:13,921  INFO [main] LogReports:22 - clicked on the search field
2019-11-14 12:51:16,935  INFO [main] LogReports:22 - Application is open...
2019-11-14 12:51:16,958  INFO [main] LogReports:22 - Browser opened
2019-11-14 12:51:17,092  INFO [main] LogReports:22 - clicked on the search field
2019-11-14 13:46:27,570  INFO [main] LogReports:22 - Application is open...
2019-11-14 13:46:27,605  INFO [main] LogReports:22 - Browser opened
2019-11-14 13:46:27,767  INFO [main] LogReports:22 - clicked on the search field
2019-11-14 13:59:13,078  INFO [main] LogReports:22 - Application is open...
2019-11-14 13:59:13,121  INFO [main] LogReports:22 - Browser opened
2019-11-14 13:59:13,289  INFO [main] LogReports:22 - clicked on the search field
2019-11-14 14:04:20,696  INFO [main] LogReports:22 - Application is open...
2019-11-14 14:04:20,735  INFO [main] LogReports:22 - Browser opened
2019-11-14 14:04:20,891  INFO [main] LogReports:22 - clicked on the search field
2019-11-14 14:08:12,540  INFO [main] LogReports:22 - Application is open...
2019-11-14 14:08:12,582  INFO [main] LogReports:22 - Browser opened
2019-11-14 14:08:12,744  INFO [main] LogReports:22 - clicked on the search field
2019-11-14 14:09:53,346  INFO [main] LogReports:22 - Application is open...
2019-11-14 14:09:53,387  INFO [main] LogReports:22 - Browser opened
2019-11-14 14:09:53,564  INFO [main] LogReports:22 - clicked on the search field
2019-11-14 14:27:04,406  INFO [main] LogReports:22 - Application is open...
2019-11-14 14:27:04,471  INFO [main] LogReports:22 - Browser opened
2019-11-14 14:27:04,630  INFO [main] LogReports:22 - clicked on the search field
2019-11-14 14:27:10,286  INFO [main] LogReports:22 - Availability:In stock
2019-11-14 14:27:10,344  INFO [main] LogReports:22 - Product price
2019-11-14 14:27:10,399  INFO [main] LogReports:22 - Ex Tax
2019-11-14 14:27:10,458  INFO [main] LogReports:22 - Description
2019-11-14 14:27:16,095  INFO [main] LogReports:22 - Availability:In stock
2019-11-14 14:27:16,148  INFO [main] LogReports:22 - Product price
2019-11-14 14:27:16,212  INFO [main] LogReports:22 - Ex Tax
2019-11-14 14:27:16,285  INFO [main] LogReports:22 - Description
2019-11-14 14:33:54,661  INFO [main] LogReports:22 - Application is open...
2019-11-14 14:33:54,701  INFO [main] LogReports:22 - Browser opened
2019-11-14 14:33:54,855  INFO [main] LogReports:22 - clicked on the search field
2019-11-14 14:34:01,854  INFO [main] LogReports:22 - Availability:In stock
2019-11-14 14:34:01,913  INFO [main] LogReports:22 - Product price
2019-11-14 14:34:01,977  INFO [main] LogReports:22 - Ex Tax
2019-11-14 14:34:02,040  INFO [main] LogReports:22 - Description
2019-11-14 14:34:02,603  INFO [main] LogReports:22 - Element not clicked
2019-11-14 14:34:05,528  INFO [main] LogReports:22 - Availability:In stock
2019-11-14 14:34:05,589  INFO [main] LogReports:22 - Product price
2019-11-14 14:34:05,650  INFO [main] LogReports:22 - Ex Tax
2019-11-14 14:34:05,710  INFO [main] LogReports:22 - Description
2019-11-14 14:34:05,799  INFO [main] LogReports:22 - Element not clicked
2019-11-14 14:34:06,028  INFO [main] LogReports:22 - Element not clicked
2019-11-14 14:41:14,052  INFO [main] LogReports:22 - Application is open...
2019-11-14 14:41:14,084  INFO [main] LogReports:22 - Browser opened
2019-11-14 14:41:14,235  INFO [main] LogReports:22 - clicked on the search field
2019-11-14 14:41:23,478  INFO [main] LogReports:22 - Availability:In stock
2019-11-14 14:41:23,535  INFO [main] LogReports:22 - Product price
2019-11-14 14:41:23,593  INFO [main] LogReports:22 - Ex Tax
2019-11-14 14:41:23,653  INFO [main] LogReports:22 - Description
2019-11-14 14:41:24,229  INFO [main] LogReports:22 - Element not clicked
2019-11-14 14:41:28,112  INFO [main] LogReports:22 - Availability:In stock
2019-11-14 14:41:28,170  INFO [main] LogReports:22 - Product price
2019-11-14 14:41:28,223  INFO [main] LogReports:22 - Ex Tax
2019-11-14 14:41:28,279  INFO [main] LogReports:22 - Description
2019-11-14 14:43:39,562  INFO [main] LogReports:22 - Application is open...
2019-11-14 14:43:39,595  INFO [main] LogReports:22 - Browser opened
2019-11-14 14:43:39,764  INFO [main] LogReports:22 - clicked on the search field
2019-11-14 14:43:46,896  INFO [main] LogReports:22 - Availability:In stock
2019-11-14 14:43:46,977  INFO [main] LogReports:22 - Product price
2019-11-14 14:43:47,033  INFO [main] LogReports:22 - Ex Tax
2019-11-14 14:43:47,090  INFO [main] LogReports:22 - Description
2019-11-14 14:43:47,681  INFO [main] LogReports:22 - Element not clicked
2019-11-14 14:43:50,139  INFO [main] LogReports:22 - Availability:In stock
2019-11-14 14:43:50,192  INFO [main] LogReports:22 - Product price
2019-11-14 14:43:50,248  INFO [main] LogReports:22 - Ex Tax
2019-11-14 14:43:50,337  INFO [main] LogReports:22 - Description
2019-11-14 14:48:38,488  INFO [main] LogReports:22 - Application is open...
2019-11-14 14:48:38,514  INFO [main] LogReports:22 - Browser opened
2019-11-14 14:48:38,661  INFO [main] LogReports:22 - clicked on the search field
2019-11-14 14:48:43,827  INFO [main] LogReports:22 - Availability:In stock
2019-11-14 14:48:43,885  INFO [main] LogReports:22 - Product price
2019-11-14 14:48:43,943  INFO [main] LogReports:22 - Ex Tax
2019-11-14 14:48:44,002  INFO [main] LogReports:22 - Description
2019-11-14 14:48:44,561  INFO [main] LogReports:22 - Element not clicked
2019-11-14 14:48:47,835  INFO [main] LogReports:22 - Availability:In stock
2019-11-14 14:48:47,892  INFO [main] LogReports:22 - Product price
2019-11-14 14:48:47,951  INFO [main] LogReports:22 - Ex Tax
2019-11-14 14:48:48,020  INFO [main] LogReports:22 - Description
2019-11-14 14:57:53,112  INFO [main] LogReports:22 - Application is open...
2019-11-14 14:57:53,144  INFO [main] LogReports:22 - Browser opened
2019-11-14 14:57:53,296  INFO [main] LogReports:22 - clicked on the search field
2019-11-14 14:58:08,771  INFO [main] LogReports:22 - Availability:In stock
2019-11-14 14:58:08,835  INFO [main] LogReports:22 - Product price
2019-11-14 14:58:08,890  INFO [main] LogReports:22 - Ex Tax
2019-11-14 14:58:08,950  INFO [main] LogReports:22 - Description
2019-11-14 14:58:09,058  INFO [main] LogReports:22 - Element not clicked
2019-11-14 14:58:09,305  INFO [main] LogReports:22 - Element not clicked
2019-11-14 14:58:09,460  INFO [main] LogReports:22 - Element not clicked
2019-11-14 14:58:12,006  INFO [main] LogReports:22 - Availability:In stock
2019-11-14 14:58:12,058  INFO [main] LogReports:22 - Product price
2019-11-14 14:58:12,111  INFO [main] LogReports:22 - Ex Tax
2019-11-14 14:58:12,167  INFO [main] LogReports:22 - Description
2019-11-14 14:58:12,733  INFO [main] LogReports:22 - Element not clicked
2019-11-14 14:58:12,815  INFO [main] LogReports:22 - Element not clicked
2019-11-14 15:04:02,630  INFO [main] LogReports:22 - Application is open...
2019-11-14 15:04:02,665  INFO [main] LogReports:22 - Browser opened
2019-11-14 15:04:02,852  INFO [main] LogReports:22 - clicked on the search field
2019-11-14 15:04:08,421  INFO [main] LogReports:22 - Availability:In stock
2019-11-14 15:04:08,490  INFO [main] LogReports:22 - Product price
2019-11-14 15:04:08,543  INFO [main] LogReports:22 - Ex Tax
2019-11-14 15:04:08,601  INFO [main] LogReports:22 - Description
2019-11-14 15:04:09,134  INFO [main] LogReports:22 - Element not clicked
2019-11-14 15:04:12,002  INFO [main] LogReports:22 - Availability:In stock
2019-11-14 15:04:12,053  INFO [main] LogReports:22 - Product price
2019-11-14 15:04:12,104  INFO [main] LogReports:22 - Ex Tax
2019-11-14 15:04:12,159  INFO [main] LogReports:22 - Description
2019-11-14 15:05:50,356  INFO [main] LogReports:22 - Application is open...
2019-11-14 15:05:50,396  INFO [main] LogReports:22 - Browser opened
2019-11-14 15:05:50,570  INFO [main] LogReports:22 - clicked on the search field
2019-11-14 15:05:56,636  INFO [main] LogReports:22 - Availability:In stock
2019-11-14 15:05:56,692  INFO [main] LogReports:22 - Product price
2019-11-14 15:05:56,747  INFO [main] LogReports:22 - Ex Tax
2019-11-14 15:05:56,808  INFO [main] LogReports:22 - Description
2019-11-14 15:05:57,390  INFO [main] LogReports:22 - Element not clicked
2019-11-14 15:06:01,579  INFO [main] LogReports:22 - Availability:In stock
2019-11-14 15:06:01,631  INFO [main] LogReports:22 - Product price
2019-11-14 15:06:01,684  INFO [main] LogReports:22 - Ex Tax
2019-11-14 15:06:01,742  INFO [main] LogReports:22 - Description
2019-11-14 15:06:01,829  INFO [main] LogReports:22 - Element not clicked
2019-11-14 15:06:02,048  INFO [main] LogReports:22 - Element not clicked
2019-11-14 15:06:02,883  INFO [main] LogReports:22 - Product1
2019-11-14 15:08:49,739  INFO [main] LogReports:22 - Application is open...
2019-11-14 15:08:49,777  INFO [main] LogReports:22 - Browser opened
2019-11-14 15:08:49,932  INFO [main] LogReports:22 - clicked on the search field
2019-11-14 15:08:55,952  INFO [main] LogReports:22 - Availability:In stock
2019-11-14 15:08:56,011  INFO [main] LogReports:22 - Product price
2019-11-14 15:08:56,068  INFO [main] LogReports:22 - Ex Tax
2019-11-14 15:08:56,137  INFO [main] LogReports:22 - Description
2019-11-14 15:08:56,706  INFO [main] LogReports:22 - Element not clicked
2019-11-14 15:08:57,632  INFO [main] LogReports:22 - Element not clicked
2019-11-14 15:08:57,768  INFO [main] LogReports:22 - Element not clicked
2019-11-14 15:09:49,132  INFO [main] LogReports:22 - Application is open...
2019-11-14 15:09:49,169  INFO [main] LogReports:22 - Browser opened
2019-11-14 15:09:49,354  INFO [main] LogReports:22 - clicked on the search field
2019-11-14 15:09:55,498  INFO [main] LogReports:22 - Availability:In stock
2019-11-14 15:09:55,562  INFO [main] LogReports:22 - Product price
2019-11-14 15:09:55,631  INFO [main] LogReports:22 - Ex Tax
2019-11-14 15:09:55,700  INFO [main] LogReports:22 - Description
2019-11-14 15:09:56,300  INFO [main] LogReports:22 - Element not clicked
2019-11-14 15:09:59,733  INFO [main] LogReports:22 - Availability:In stock
2019-11-14 15:09:59,788  INFO [main] LogReports:22 - Product price
2019-11-14 15:09:59,845  INFO [main] LogReports:22 - Ex Tax
2019-11-14 15:09:59,904  INFO [main] LogReports:22 - Description
2019-11-14 15:10:01,349  INFO [main] LogReports:22 - Product1
2019-11-14 15:10:01,399  INFO [main] LogReports:22 - Product2
2019-11-14 15:12:26,405  INFO [main] LogReports:22 - Application is open...
2019-11-14 15:12:26,445  INFO [main] LogReports:22 - Browser opened
2019-11-14 15:12:26,601  INFO [main] LogReports:22 - clicked on the search field
2019-11-14 15:12:35,069  INFO [main] LogReports:22 - Availability:In stock
2019-11-14 15:12:35,129  INFO [main] LogReports:22 - Product price
2019-11-14 15:12:35,182  INFO [main] LogReports:22 - Ex Tax
2019-11-14 15:12:35,243  INFO [main] LogReports:22 - Description
2019-11-14 15:12:35,796  INFO [main] LogReports:22 - Element not clicked
2019-11-14 15:12:38,720  INFO [main] LogReports:22 - Availability:In stock
2019-11-14 15:12:38,775  INFO [main] LogReports:22 - Product price
2019-11-14 15:12:38,829  INFO [main] LogReports:22 - Ex Tax
2019-11-14 15:12:38,881  INFO [main] LogReports:22 - Description
2019-11-14 15:12:40,316  INFO [main] LogReports:22 - Product1
2019-11-14 15:12:40,370  INFO [main] LogReports:22 - Product2
2019-11-14 15:16:54,439  INFO [main] LogReports:22 - Application is open...
2019-11-14 15:16:54,469  INFO [main] LogReports:22 - Browser opened
2019-11-14 15:16:54,636  INFO [main] LogReports:22 - clicked on the search field
2019-11-14 15:17:00,431  INFO [main] LogReports:22 - Availability:In stock
2019-11-14 15:17:00,497  INFO [main] LogReports:22 - Product price
2019-11-14 15:17:00,556  INFO [main] LogReports:22 - Ex Tax
2019-11-14 15:17:00,614  INFO [main] LogReports:22 - Description
2019-11-14 15:17:01,214  INFO [main] LogReports:22 - Element not clicked
2019-11-14 15:17:03,775  INFO [main] LogReports:22 - Availability:In stock
2019-11-14 15:17:03,830  INFO [main] LogReports:22 - Product price
2019-11-14 15:17:03,882  INFO [main] LogReports:22 - Ex Tax
2019-11-14 15:17:03,934  INFO [main] LogReports:22 - Description
2019-11-14 15:17:05,400  INFO [main] LogReports:22 - Product1
2019-11-14 15:17:05,445  INFO [main] LogReports:22 - Product2
2019-11-14 15:17:05,516  INFO [main] LogReports:22 - Grand total after adding products
2019-11-14 15:21:39,854  INFO [main] LogReports:22 - Application is open...
2019-11-14 15:21:39,888  INFO [main] LogReports:22 - Browser opened
2019-11-14 15:21:40,060  INFO [main] LogReports:22 - clicked on the search field
2019-11-14 15:21:45,763  INFO [main] LogReports:22 - Availability:In stock
2019-11-14 15:21:45,818  INFO [main] LogReports:22 - Product price
2019-11-14 15:21:45,874  INFO [main] LogReports:22 - Ex Tax
2019-11-14 15:21:45,931  INFO [main] LogReports:22 - Description
2019-11-14 15:21:46,481  INFO [main] LogReports:22 - Element not clicked
2019-11-14 15:21:51,149  INFO [main] LogReports:22 - Availability:In stock
2019-11-14 15:21:51,199  INFO [main] LogReports:22 - Product price
2019-11-14 15:21:51,249  INFO [main] LogReports:22 - Ex Tax
2019-11-14 15:21:51,304  INFO [main] LogReports:22 - Description
2019-11-14 15:21:52,785  INFO [main] LogReports:22 - Product1
2019-11-14 15:21:52,843  INFO [main] LogReports:22 - Product2
2019-11-14 15:21:52,884  INFO [main] LogReports:22 - Grand total after adding products
2019-11-14 15:22:48,922  INFO [main] LogReports:22 - Application is open...
2019-11-14 15:22:48,961  INFO [main] LogReports:22 - Browser opened
2019-11-14 15:22:49,110  INFO [main] LogReports:22 - clicked on the search field
2019-11-14 15:22:55,539  INFO [main] LogReports:22 - Availability:In stock
2019-11-14 15:22:55,597  INFO [main] LogReports:22 - Product price
2019-11-14 15:22:55,651  INFO [main] LogReports:22 - Ex Tax
2019-11-14 15:22:55,711  INFO [main] LogReports:22 - Description
2019-11-14 15:22:56,340  INFO [main] LogReports:22 - Element not clicked
2019-11-14 15:22:59,244  INFO [main] LogReports:22 - Availability:In stock
2019-11-14 15:22:59,330  INFO [main] LogReports:22 - Product price
2019-11-14 15:22:59,400  INFO [main] LogReports:22 - Ex Tax
2019-11-14 15:22:59,464  INFO [main] LogReports:22 - Description
2019-11-14 15:23:00,944  INFO [main] LogReports:22 - Product1
2019-11-14 15:23:00,999  INFO [main] LogReports:22 - Product2
2019-11-14 15:23:01,057  INFO [main] LogReports:22 - Grand total after adding products
2019-11-14 15:24:50,271  INFO [main] LogReports:22 - Application is open...
2019-11-14 15:24:50,301  INFO [main] LogReports:22 - Browser opened
2019-11-14 15:24:50,442  INFO [main] LogReports:22 - clicked on the search field
2019-11-14 15:24:55,760  INFO [main] LogReports:22 - Availability:In stock
2019-11-14 15:24:55,818  INFO [main] LogReports:22 - Product price
2019-11-14 15:24:55,872  INFO [main] LogReports:22 - Ex Tax
2019-11-14 15:24:55,934  INFO [main] LogReports:22 - Description
2019-11-14 15:24:56,472  INFO [main] LogReports:22 - Element not clicked
2019-11-14 15:24:59,587  INFO [main] LogReports:22 - Availability:In stock
2019-11-14 15:24:59,645  INFO [main] LogReports:22 - Product price
2019-11-14 15:24:59,704  INFO [main] LogReports:22 - Ex Tax
2019-11-14 15:24:59,765  INFO [main] LogReports:22 - Description
2019-11-14 15:25:01,533  INFO [main] LogReports:22 - Product1
2019-11-14 15:25:01,588  INFO [main] LogReports:22 - Product2
2019-11-14 15:25:01,645  INFO [main] LogReports:22 - Grand total after adding products
2019-11-14 19:17:16,619  INFO [main] LogReports:22 - Application is open...
2019-11-14 19:17:16,655  INFO [main] LogReports:22 - Browser opened
2019-11-14 19:17:16,803  INFO [main] LogReports:22 - clicked on the search field
2019-11-14 19:17:24,460  INFO [main] LogReports:22 - Availability:In stock
2019-11-14 19:17:24,516  INFO [main] LogReports:22 - Product price
2019-11-14 19:17:24,574  INFO [main] LogReports:22 - Ex Tax
2019-11-14 19:17:24,631  INFO [main] LogReports:22 - Description
2019-11-14 19:17:25,193  INFO [main] LogReports:22 - Element not clicked
2019-11-14 19:17:29,636  INFO [main] LogReports:22 - Availability:In stock
2019-11-14 19:17:29,692  INFO [main] LogReports:22 - Product price
2019-11-14 19:17:29,744  INFO [main] LogReports:22 - Ex Tax
2019-11-14 19:17:29,801  INFO [main] LogReports:22 - Description
2019-11-14 19:17:31,244  INFO [main] LogReports:22 - Product1
2019-11-14 19:17:31,302  INFO [main] LogReports:22 - Product2
2019-11-14 19:17:31,366  INFO [main] LogReports:22 - Grand total after adding products
2019-11-14 19:43:40,430  INFO [main] LogReports:22 - Application is open...
2019-11-14 19:43:40,462  INFO [main] LogReports:22 - Browser opened
2019-11-14 19:43:40,622  INFO [main] LogReports:22 - clicked on the search field
2019-11-14 19:43:49,304  INFO [main] LogReports:22 - Availability:In stock
2019-11-14 19:43:49,361  INFO [main] LogReports:22 - Product price
2019-11-14 19:43:49,417  INFO [main] LogReports:22 - Ex Tax
2019-11-14 19:43:49,479  INFO [main] LogReports:22 - Description
2019-11-14 19:43:50,241  INFO [main] LogReports:22 - Element not clicked
2019-11-14 19:43:56,156  INFO [main] LogReports:22 - Availability:In stock
2019-11-14 19:43:56,207  INFO [main] LogReports:22 - Product price
2019-11-14 19:43:56,258  INFO [main] LogReports:22 - Ex Tax
2019-11-14 19:43:56,318  INFO [main] LogReports:22 - Description
2019-11-14 19:43:58,019  INFO [main] LogReports:22 - Product1
2019-11-14 19:43:58,073  INFO [main] LogReports:22 - Product2
2019-11-14 19:43:58,129  INFO [main] LogReports:22 - Grand total after adding products
2019-11-15 16:21:06,926  INFO [main] LogReports:22 - Application is open...
2019-11-15 16:21:06,970  INFO [main] LogReports:22 - Browser opened
2019-11-15 16:22:12,157  INFO [main] LogReports:22 - Application is open...
2019-11-15 16:22:12,204  INFO [main] LogReports:22 - Browser opened
2019-11-15 16:25:09,318  INFO [main] LogReports:22 - Application is open...
2019-11-15 16:25:09,345  INFO [main] LogReports:22 - Browser opened
2019-11-15 16:26:13,544  INFO [main] LogReports:22 - Application is open...
2019-11-15 16:26:13,588  INFO [main] LogReports:22 - Browser opened
2019-11-15 16:31:07,093  INFO [main] LogReports:22 - Application is open...
2019-11-15 16:31:07,138  INFO [main] LogReports:22 - Browser opened
2019-11-15 16:31:15,791  INFO [main] LogReports:22 - clicked on the search field
2019-11-15 16:33:12,719  INFO [main] LogReports:22 - Application is open...
2019-11-15 16:33:12,763  INFO [main] LogReports:22 - Browser opened
2019-11-15 16:33:18,380  INFO [main] LogReports:22 - clicked on the search field
2019-11-15 16:45:05,424  INFO [main] LogReports:22 - Application is open...
2019-11-15 16:45:05,454  INFO [main] LogReports:22 - Browser opened
2019-11-15 16:45:23,697  INFO [main] LogReports:22 - clicked on the search field
2019-11-15 16:48:30,537  INFO [main] LogReports:22 - Application is open...
2019-11-15 16:48:30,566  INFO [main] LogReports:22 - Browser opened
2019-11-15 16:48:36,452  INFO [main] LogReports:22 - clicked on the search field
2019-11-15 16:49:12,835  INFO [main] LogReports:22 - Application is open...
2019-11-15 16:49:12,873  INFO [main] LogReports:22 - Browser opened
2019-11-15 16:49:18,401  INFO [main] LogReports:22 - clicked on the search field
2019-11-15 16:49:45,842  INFO [main] LogReports:22 - Application is open...
2019-11-15 16:49:45,883  INFO [main] LogReports:22 - Browser opened
2019-11-15 16:49:52,048  INFO [main] LogReports:22 - clicked on the search field
2019-11-15 17:35:37,595  INFO [main] LogReports:22 - Application is open...
2019-11-15 17:35:37,631  INFO [main] LogReports:22 - Browser opened
2019-11-15 17:35:47,121  INFO [main] LogReports:22 - clicked on the search field
2019-11-15 18:57:03,812  INFO [main] LogReports:22 - Application is open...
2019-11-15 18:57:03,845  INFO [main] LogReports:22 - Browser opened
2019-11-15 18:57:10,937  INFO [main] LogReports:22 - clicked on the search field
2019-11-15 18:57:41,513  INFO [main] LogReports:22 - Application is open...
2019-11-15 18:57:41,549  INFO [main] LogReports:22 - Browser opened
2019-11-15 18:57:50,105  INFO [main] LogReports:22 - clicked on the search field
